[2015.07.03-19.39.15:082][  0]Log file open, 07/03/15 21:39:15
[2015.07.03-19.39.15:082][  0]LogInit:Display: Running engine for game: EpicGameJam15Unreal
[2015.07.03-19.39.15:082][  0]LogInit:Display: RandInit(650190331) SRandInit(650190331).
[2015.07.03-19.39.15:082][  0]LogTaskGraph: Started task graph with 4 named threads and 7 total threads.
[2015.07.03-19.39.15:082][  0]LogStats: Stats thread started
[2015.07.03-19.39.15:082][  0]LogInit: Version: 4.8.1-2591939+++depot+UE4-Releases+4.8
[2015.07.03-19.39.15:082][  0]LogInit: API Version: 2579680
[2015.07.03-19.39.15:082][  0]LogInit: Compiled (64-bit): Jun 18 2015 11:02:04
[2015.07.03-19.39.15:082][  0]LogInit: Compiled with Visual C++: 18.00.21005.01
[2015.07.03-19.39.15:082][  0]LogInit: Build Configuration: Development
[2015.07.03-19.39.15:082][  0]LogInit: Branch Name: ++depot+UE4-Releases+4.8
[2015.07.03-19.39.15:082][  0]LogInit: Command line:  
[2015.07.03-19.39.15:082][  0]LogInit: Base directory: C:/Program Files/Epic Games/4.8/Engine/Binaries/Win64/
[2015.07.03-19.39.15:082][  0]LogInit: Rocket: 1
[2015.07.03-19.39.15:096][  0]LogInit: Using libcurl 7.41.0
[2015.07.03-19.39.15:096][  0]LogInit:  - built for x86_64-pc-win32
[2015.07.03-19.39.15:096][  0]LogInit:  - supports SSL with WinSSL
[2015.07.03-19.39.15:096][  0]LogInit:  - other features:
[2015.07.03-19.39.15:096][  0]LogInit:      CURL_VERSION_SSL
[2015.07.03-19.39.15:096][  0]LogInit:      CURL_VERSION_IPV6
[2015.07.03-19.39.15:096][  0]LogInit:      CURL_VERSION_ASYNCHDNS
[2015.07.03-19.39.15:096][  0]LogInit:      CURL_VERSION_LARGEFILE
[2015.07.03-19.39.15:096][  0]LogInit:      CURL_VERSION_IDN
[2015.07.03-19.39.15:096][  0]LogInit:  CurlRequestOptions (configurable via config and command line):
[2015.07.03-19.39.15:096][  0]LogInit:  - bVerifyPeer = true  - Libcurl will verify peer certificate
[2015.07.03-19.39.15:096][  0]LogInit:  - bUseHttpProxy = false  - Libcurl will NOT use HTTP proxy
[2015.07.03-19.39.15:096][  0]LogInit:  - bDontReuseConnections = false  - Libcurl will reuse connections
[2015.07.03-19.39.15:096][  0]LogInit:  - CertBundlePath = nullptr  - Libcurl will use whatever was configured at build time.
[2015.07.03-19.39.15:114][  0]LogOnline:Warning: No default platform service specified for OnlineSubsystem
[2015.07.03-19.39.15:135][  0]LogInit: Presizing for 0 objects not considered by GC, pre-allocating 0 bytes.
[2015.07.03-19.39.15:144][  0]LogInit: Object subsystem initialized
[2015.07.03-19.39.15:145][  0]LogConsoleResponse:Warning: Skipping Unknown console variable: 'TranslucentSortAxis = (X=0.000000,Y=-1.000000,Z=0.000000)'
[2015.07.03-19.39.15:145][  0]LogConsoleResponse:Warning:   Found in ini file 'C:/Users/Viktor.Pekar/Dropbox/GameJams/EpicGameJam2015/EpicGameJamRepo/EpicGameJam15Unreal/Saved/Config/Windows/Engine.ini', in section '[/Script/Engine.RendererSettings]'
[2015.07.03-19.39.15:145][  0]LogConsoleResponse:Warning: Skipping Unknown console variable: 'UIScaleRule = ShortestSide'
[2015.07.03-19.39.15:145][  0]LogConsoleResponse:Warning:   Found in ini file 'C:/Users/Viktor.Pekar/Dropbox/GameJams/EpicGameJam2015/EpicGameJamRepo/EpicGameJam15Unreal/Saved/Config/Windows/Engine.ini', in section '[/Script/Engine.RendererSettings]'
[2015.07.03-19.39.15:145][  0]LogConsoleResponse:Warning: Skipping Unknown console variable: 'UIScaleCurve = (EditorCurveData=(Keys=),ExternalCurve=None)'
[2015.07.03-19.39.15:145][  0]LogConsoleResponse:Warning:   Found in ini file 'C:/Users/Viktor.Pekar/Dropbox/GameJams/EpicGameJam2015/EpicGameJamRepo/EpicGameJam15Unreal/Saved/Config/Windows/Engine.ini', in section '[/Script/Engine.RendererSettings]'
[2015.07.03-19.39.15:146][  0]LogInit: Selected Device Profile: [Windows]
[2015.07.03-19.39.15:146][  0]LogInit: Applying CVar settings loaded from the selected device profile: [Windows]
[2015.07.03-19.39.15:160][  0]LogInit: Computer: 2015-GP-02
[2015.07.03-19.39.15:161][  0]LogInit: User: ViktorPekar
[2015.07.03-19.39.15:161][  0]LogInit: CPU Page size=4096, Cores=4
[2015.07.03-19.39.15:161][  0]LogInit: High frequency timer resolution =2.435830 MHz
[2015.07.03-19.39.15:161][  0]LogMemory: Memory total: Physical=15.9GB (16GB approx)
[2015.07.03-19.39.15:161][  0]LogMemory: Platform Memory Stats for Windows
[2015.07.03-19.39.15:161][  0]LogMemory: Process Physical Memory: 50.76 MB used, 50.76 MB peak
[2015.07.03-19.39.15:161][  0]LogMemory: Process Virtual Memory: 24.72 MB used, 24.72 MB peak
[2015.07.03-19.39.15:161][  0]LogMemory: Physical Memory: 6215.13 MB used, 16300.36 MB total
[2015.07.03-19.39.15:161][  0]LogMemory: Virtual Memory: 284.25 MB used, 8388608.00 MB total
[2015.07.03-19.39.15:236][  0]LogTextLocalizationManager: The requested culture ('de_DE') has no localization data; falling back to 'en' for localization and internationalization data.
[2015.07.03-19.39.15:628][  0]LogTextLocalizationManager:Warning: Loaded localization resources contain conflicting entries for (Namespace:ContentBrowser, Key:ImportAssetToolTip):
Localization Resource: (C:/Program Files/Epic Games/4.8/Engine/Content/Localization/Editor/en/Editor.locres) Source String Hash: (-630476809) Localized String: (Import to {0}...)
Localization Resource: (C:/Program Files/Epic Games/4.8/Engine/Content/Localization/Editor/en/Editor.locres) Source String Hash: (1271782899) Localized String: (Imports an asset from file to this folder.)
[2015.07.03-19.39.16:353][  0]LogD3D11RHI: Found D3D11 adapter 0: Intel(R) HD Graphics 4600 (Feature Level 11_0)
[2015.07.03-19.39.16:353][  0]LogD3D11RHI: Adapter has 64MB of dedicated video memory, 0MB of dedicated system memory, and 1632MB of shared system memory, 2 output[s]
[2015.07.03-19.39.16:366][  0]LogD3D11RHI: Found D3D11 adapter 1: NVIDIA GeForce GTX 860M   (Feature Level 11_0)
[2015.07.03-19.39.16:366][  0]LogD3D11RHI: Adapter has 4018MB of dedicated video memory, 0MB of dedicated system memory, and 7894MB of shared system memory, 0 output[s]
[2015.07.03-19.39.16:366][  0]LogD3D11RHI: Chosen D3D11 Adapter Id = 0
[2015.07.03-19.39.16:375][  0]LogRHI: Texture pool is 616 MB (70% of 880 MB)
[2015.07.03-19.39.16:394][  0]LogD3D11RHI: Async texture creation enabled
[2015.07.03-19.39.16:405][  0]LogShaderCompilers:Display: Using Local Shader Compiler.
[2015.07.03-19.39.17:814][  0]LogTemp:Display: Loaded TP DesktopTargetPlatform
[2015.07.03-19.39.17:831][  0]LogTemp:Display: Loaded TP WindowsClientTargetPlatform
[2015.07.03-19.39.17:849][  0]LogTemp:Display: Loaded TP WindowsNoEditorTargetPlatform
[2015.07.03-19.39.17:868][  0]LogTemp:Display: Loaded TP WindowsServerTargetPlatform
[2015.07.03-19.39.17:887][  0]LogTemp:Display: Loaded TP WindowsTargetPlatform
[2015.07.03-19.39.17:903][  0]LogTemp:Display: Loaded TP AndroidTargetPlatform
[2015.07.03-19.39.17:919][  0]LogTemp:Display: Loaded TP Android_ASTCTargetPlatform
[2015.07.03-19.39.17:934][  0]LogTemp:Display: Loaded TP Android_ATCTargetPlatform
[2015.07.03-19.39.17:949][  0]LogTemp:Display: Loaded TP Android_DXTTargetPlatform
[2015.07.03-19.39.17:965][  0]LogTemp:Display: Loaded TP Android_ETC1TargetPlatform
[2015.07.03-19.39.17:983][  0]LogTemp:Display: Loaded TP Android_ETC2TargetPlatform
[2015.07.03-19.39.17:998][  0]LogTemp:Display: Loaded TP Android_PVRTCTargetPlatform
[2015.07.03-19.39.18:057][  0]LogTemp:Display: Loaded TP IOSTargetPlatform
[2015.07.03-19.39.18:071][  0]LogTemp:Display: Loaded TP LinuxNoEditorTargetPlatform
[2015.07.03-19.39.18:086][  0]LogTemp:Display: Loaded TP LinuxServerTargetPlatform
[2015.07.03-19.39.18:103][  0]LogTemp:Display: Loaded TP LinuxTargetPlatform
[2015.07.03-19.39.18:103][  0]LogTargetPlatformManager:Display: Building Assets For Windows
[2015.07.03-19.39.18:393][  0]LogDerivedDataCache:Display: Max Cache Size: 512 MB
[2015.07.03-19.39.18:472][  0]LogDerivedDataCache: Loaded boot cache 0.08s 53MB C:/Users/Viktor.Pekar/AppData/Local/UnrealEngine/4.8/DerivedDataCache/Boot.ddc.
[2015.07.03-19.39.18:472][  0]LogDerivedDataCache:Display: Loaded Boot cache: C:/Users/Viktor.Pekar/AppData/Local/UnrealEngine/4.8/DerivedDataCache/Boot.ddc
[2015.07.03-19.39.18:472][  0]LogDerivedDataCache: FDerivedDataBackendGraph:  Pak pak cache file ../../../../../../Users/Viktor.Pekar/Dropbox/GameJams/EpicGameJam2015/EpicGameJamRepo/EpicGameJam15Unreal/DerivedDataCache/DDC.ddp not found, will not use a pak cache.
[2015.07.03-19.39.18:472][  0]LogDerivedDataCache: Unable to find inner node Pak for hierarchical cache Hierarchy.
[2015.07.03-19.39.18:472][  0]LogDerivedDataCache: FDerivedDataBackendGraph:  CompressedPak pak cache file ../../../../../../Users/Viktor.Pekar/Dropbox/GameJams/EpicGameJam2015/EpicGameJamRepo/EpicGameJam15Unreal/DerivedDataCache/Compressed.ddp not found, will not use a pak cache.
[2015.07.03-19.39.18:472][  0]LogDerivedDataCache: Unable to find inner node CompressedPak for hierarchical cache Hierarchy.
[2015.07.03-19.39.18:747][  0]LogDerivedDataCache:Display: Pak cache opened for reading ../../../Engine/DerivedDataCache/Compressed.ddp.
[2015.07.03-19.39.18:760][  0]LogDerivedDataCache: Using Local data cache path C:/Users/Viktor.Pekar/AppData/Local/UnrealEngine/Common/DerivedDataCache: Writable
[2015.07.03-19.39.19:179][  0]LogInit: Selected Device Profile: [Windows]
[2015.07.03-19.39.19:197][  0]ImportText (ComponentSweepMultiTests): Missing closing parenthesis: (RootShapeAsset="/Engine/BasicShapes/Cube.Cube",ShapeType="TriggerCapsule",HitResult=(Time=0.50,Location=(X=-100.000015,Y=0.0,Z=100.000015),ImpactPoint=(X=-50.0,Y=0.0,Z=50.0),Normal=(X=-1.0,Y=-0.0,Z=0.0),ImpactNormal=(X=0.0,Y=0.0,Z=1.0),TraceStart=(X=-200.0,Y=0.0,Z=200.0),TraceEnd=(X=0.0,Y=0.0,Z=0.0))
[2015.07.03-19.39.19:198][  0]ImportText (LineTraceSingleByChannelTests): Missing closing parenthesis: (RootShapeAsset="/Engine/BasicShapes/Cube.Cube",HitResult=(Time=0.50,Location=(X=-100.000015,Y=0.0,Z=100.000015),ImpactPoint=(X=-50.0,Y=0.0,Z=50.0),Normal=(X=-1.0,Y=-0.0,Z=0.0),ImpactNormal=(X=0.0,Y=0.0,Z=1.0),TraceStart=(X=-200.0,Y=0.0,Z=200.0),TraceEnd=(X=0.0,Y=0.0,Z=0.0))
[2015.07.03-19.39.19:259][  0]LogMeshUtilities: No automatic mesh reduction module available
[2015.07.03-19.39.19:259][  0]LogMeshUtilities: No automatic mesh merging module available
[2015.07.03-19.39.20:014][  0]LogInit: WinSock: version 1.1 (2.2), MaxSocks=32767, MaxUdp=65467
[2015.07.03-19.39.21:669][  0]UdpMessaging: Initializing bridge on interface 0.0.0.0:0 to multicast group 230.0.0.1:6666.
[2015.07.03-19.39.22:069][  0]SourceControl: Info Source control is disabled
[2015.07.03-19.39.22:083][  0]SourceControl: Info Source control is disabled
[2015.07.03-19.39.22:094][  0]SourceControl: Info Source control is disabled
[2015.07.03-19.39.22:105][  0]SourceControl: Info Source control is disabled
[2015.07.03-19.39.22:401][  0]LogObj: 26273 objects as part of root set at end of initial load.
[2015.07.03-19.39.22:401][  0]LogUObjectAllocator: 5409248 out of 0 bytes used by permanent object pool.
[2015.07.03-19.39.22:508][  0]LogEngine: Initializing Engine...
[2015.07.03-19.39.22:510][  0]LogHMD: Can't find Oculus library dev build: is proper Runtime installed? Version: 0.6.0.0
[2015.07.03-19.39.22:512][  0]LogHMD:Warning: SteamVR failed to initialize.  Error: 110
[2015.07.03-19.39.22:724][  0]LogAIModule: Creating AISystem for world NewWorld
[2015.07.03-19.39.22:731][  0]LogInit: XAudio2 using 'Lautsprecher (Realtek High Definition Audio)' : 2 channels at 48 kHz using 32 bits per sample (channel mask 0x3)
[2015.07.03-19.39.22:742][  0]LogInit: FAudioDevice initialized.
[2015.07.03-19.39.22:776][  0]LogDerivedDataCache: Saved boot cache 0.03s 53MB C:/Users/Viktor.Pekar/AppData/Local/UnrealEngine/4.8/DerivedDataCache/Boot.ddc.
[2015.07.03-19.39.22:783][  0]LogInit: Texture streaming: Disabled
[2015.07.03-19.39.22:812][  0]LogAnalytics: Creating configured Analytics provider AnalyticsET
[2015.07.03-19.39.22:812][  0]LogAnalytics: [UEEditor.Rocket.Release] APIServer = http://et2.epicgames.com/ET2/. AppVersion = 4.8.1-2591939+++depot+UE4-Releases+4.8
[2015.07.03-19.39.22:812][  0]LogAnalytics: [UEEditor.Rocket.Release] SetUserId fcdff1e148dbd36abe3e3593466647f0|7c8f08b2764d43e787567189fb578fc5|c56fab96-539e-4a88-91c5-28770007cfab
